<?xml version="1.0" encoding="UTF-8"?>
<!-- Generated by org.testng.reporters.JUnitReportReporter -->
<testsuite hostname="DESKTOP-DSUGBTM" failures="0" tests="1" name="RequestChaining.CreateGetAndDeleteProject" time="16.330" errors="0" timestamp="2022-09-28T14:43:22 IST" skipped="0">
  <testcase classname="RequestChaining.CreateGetAndDeleteProject" name="createGetAndDeleteProject" time="16.330"/>
  <system-out/>
</testsuite> <!-- RequestChaining.CreateGetAndDeleteProject -->
