<?xml version="1.0" encoding="UTF-8"?>
<!-- Generated by org.testng.reporters.JUnitReportReporter -->
<testsuite hostname="DESKTOP-DSUGBTM" failures="0" tests="1" name="DifferentWaysToPost.createProjectUsingJSONObject" time="12.046" errors="0" timestamp="2022-09-24T12:25:33 IST" skipped="0">
  <testcase classname="DifferentWaysToPost.createProjectUsingJSONObject" name="createProjectusingJsonObject" time="12.046"/>
  <system-out/>
</testsuite> <!-- DifferentWaysToPost.createProjectUsingJSONObject -->
