<?xml version="1.0" encoding="UTF-8"?>
<!-- Generated by org.testng.reporters.JUnitReportReporter -->
<testsuite hostname="DESKTOP-DSUGBTM" failures="0" tests="1" name="parameters.FormParameter" time="28.715" errors="0" timestamp="2022-09-28T12:14:10 IST" skipped="0">
  <testcase classname="parameters.FormParameter" name="formparameter" time="28.715"/>
  <system-out/>
</testsuite> <!-- parameters.FormParameter -->
