<?xml version="1.0" encoding="UTF-8"?>
<!-- Generated by org.testng.reporters.JUnitReportReporter -->
<testsuite hostname="DESKTOP-DSUGBTM" failures="0" tests="3" name="Authantication.BasicAuthantication" time="107.670" errors="0" timestamp="2022-09-28T15:21:45 IST" skipped="0">
  <testcase classname="Authantication.BasicAuthantication" name="basicAuthantication" time="103.928"/>
  <system-out/>
  <testcase classname="Authantication.BasicAuthantication" name="digestiveAuthentication" time="2.760"/>
  <system-out/>
  <testcase classname="Authantication.BasicAuthantication" name="preemptiveAuthentication" time="0.982"/>
  <system-out/>
</testsuite> <!-- Authantication.BasicAuthantication -->
