<?xml version="1.0" encoding="UTF-8"?>
<!-- Generated by org.testng.reporters.JUnitReportReporter -->
<testsuite hostname="DESKTOP-DSUGBTM" failures="0" tests="1" name="responseValidation.ResponseTimeValidation" time="6.545" errors="0" timestamp="2022-09-27T12:44:22 IST" skipped="0">
  <testcase classname="responseValidation.ResponseTimeValidation" name="responseTimeV" time="6.545"/>
  <system-out/>
</testsuite> <!-- responseValidation.ResponseTimeValidation -->
