<?xml version="1.0" encoding="UTF-8"?>
<!-- Generated by org.testng.reporters.JUnitReportReporter -->
<testsuite hostname="DESKTOP-DSUGBTM" failures="0" tests="1" name="basicCRUDoperations.DeleteProject" time="12.901" errors="0" timestamp="2022-09-22T17:42:58 IST" skipped="0">
  <testcase classname="basicCRUDoperations.DeleteProject" name="delete" time="12.901"/>
  <system-out/>
</testsuite> <!-- basicCRUDoperations.DeleteProject -->
