<?xml version="1.0" encoding="UTF-8"?>
<!-- Generated by org.testng.reporters.JUnitReportReporter -->
<testsuite hostname="DESKTOP-DSUGBTM" failures="0" tests="1" name="serializationAndDeserialization.serialization" time="1.750" errors="0" timestamp="2022-09-21T15:53:23 IST" skipped="0">
  <testcase classname="serializationAndDeserialization.serialization" name="serializationTest" time="1.750"/>
  <system-out/>
</testsuite> <!-- serializationAndDeserialization.serialization -->
