<?xml version="1.0" encoding="UTF-8"?>
<!-- Generated by org.testng.reporters.JUnitReportReporter -->
<testsuite hostname="DESKTOP-DSUGBTM" failures="0" tests="1" name="serializationAndDeserialization.Deserialization" time="0.727" errors="0" timestamp="2022-09-20T18:06:32 IST" skipped="0">
  <testcase classname="serializationAndDeserialization.Deserialization" name="DeserializationTest" time="0.727"/>
  <system-out/>
</testsuite> <!-- serializationAndDeserialization.Deserialization -->
