<?xml version="1.0" encoding="UTF-8"?>
<!-- Generated by org.testng.reporters.JUnitReportReporter -->
<testsuite hostname="DESKTOP-DSUGBTM" failures="0" tests="1" name="RequestChaining.CreateAndGetProject" time="15.161" errors="0" timestamp="2022-09-28T13:27:00 IST" skipped="0">
  <testcase classname="RequestChaining.CreateAndGetProject" name="createAndGetproject" time="15.161"/>
  <system-out/>
</testsuite> <!-- RequestChaining.CreateAndGetProject -->
