<?xml version="1.0" encoding="UTF-8"?>
<!-- Generated by org.testng.reporters.JUnitReportReporter -->
<testsuite hostname="DESKTOP-DSUGBTM" failures="0" tests="10" name="responseValidation.dataProvider" time="30.518" errors="0" timestamp="2022-09-28T11:20:12 IST" skipped="0">
  <testcase classname="responseValidation.dataProvider" name="dataProvider" time="0.223"/>
  <system-out/>
  <testcase classname="responseValidation.dataProvider" name="dataProvider" time="0.174"/>
  <system-out/>
  <testcase classname="responseValidation.dataProvider" name="dataProvider" time="0.543"/>
  <system-out/>
  <testcase classname="responseValidation.dataProvider" name="dataProvider" time="0.383"/>
  <system-out/>
  <testcase classname="responseValidation.dataProvider" name="dataProvider" time="0.265"/>
  <system-out/>
  <testcase classname="responseValidation.dataProvider" name="dataProvider" time="0.163"/>
  <system-out/>
  <testcase classname="responseValidation.dataProvider" name="dataProvider" time="0.152"/>
  <system-out/>
  <testcase classname="responseValidation.dataProvider" name="dataProvider" time="0.506"/>
  <system-out/>
  <testcase classname="responseValidation.dataProvider" name="dataProvider" time="0.118"/>
  <system-out/>
  <testcase classname="responseValidation.dataProvider" name="dataProvider" time="27.991"/>
  <system-out/>
</testsuite> <!-- responseValidation.dataProvider -->
