<?xml version="1.0" encoding="UTF-8"?>
<!-- Generated by org.testng.reporters.JUnitReportReporter -->
<testsuite hostname="DESKTOP-DSUGBTM" failures="0" tests="1" name="basicCRUDoperations.CreateProjectTest" time="9.715" errors="0" timestamp="2022-09-22T17:29:53 IST" skipped="0">
  <testcase classname="basicCRUDoperations.CreateProjectTest" name="createProtectTest" time="9.715"/>
  <system-out/>
</testsuite> <!-- basicCRUDoperations.CreateProjectTest -->
