<?xml version="1.0" encoding="UTF-8"?>
<!-- Generated by org.testng.reporters.JUnitReportReporter -->
<testsuite hostname="DESKTOP-DSUGBTM" failures="0" tests="1" name="Authantication.BearerToken" time="11.818" errors="0" timestamp="2022-09-28T16:20:48 IST" skipped="0">
  <testcase classname="Authantication.BearerToken" name="bearerToken" time="11.818"/>
  <system-out/>
</testsuite> <!-- Authantication.BearerToken -->
