<?xml version="1.0" encoding="UTF-8"?>
<!-- Generated by org.testng.reporters.JUnitReportReporter -->
<testsuite hostname="DESKTOP-DSUGBTM" failures="0" tests="1" name="EndToEndScenarioes.CreateProjectAndVerifyInDB" time="7.852" errors="0" timestamp="2022-09-29T18:42:29 IST" skipped="0">
  <testcase classname="EndToEndScenarioes.CreateProjectAndVerifyInDB" name="createproject" time="7.852"/>
  <system-out/>
</testsuite> <!-- EndToEndScenarioes.CreateProjectAndVerifyInDB -->
