<?xml version="1.0" encoding="UTF-8"?>
<!-- Generated by org.testng.reporters.JUnitReportReporter -->
<testsuite hostname="DESKTOP-DSUGBTM" failures="0" tests="1" name="responseValidation.StaticResponseV" time="13.973" errors="0" timestamp="2022-09-27T12:43:56 IST" skipped="0">
  <testcase classname="responseValidation.StaticResponseV" name="staticvalidation" time="13.973"/>
  <system-out/>
</testsuite> <!-- responseValidation.StaticResponseV -->
