<?xml version="1.0" encoding="UTF-8"?>
<!-- Generated by org.testng.reporters.JUnitReportReporter -->
<testsuite hostname="DESKTOP-DSUGBTM" failures="0" tests="1" name="bdd.CRUDOperations.GetAllProjects" time="13.661" errors="0" timestamp="2022-09-24T12:50:22 IST" skipped="0">
  <testcase classname="bdd.CRUDOperations.GetAllProjects" name="getAllProjects" time="13.661"/>
  <system-out/>
</testsuite> <!-- bdd.CRUDOperations.GetAllProjects -->
