<?xml version="1.0" encoding="UTF-8"?>
<!-- Generated by org.testng.reporters.JUnitReportReporter -->
<testsuite hostname="DESKTOP-DSUGBTM" failures="0" tests="1" name="DifferentWaysToPost.createProjectUsingPOJO" time="13.171" errors="0" timestamp="2022-09-24T12:20:10 IST" skipped="0">
  <testcase classname="DifferentWaysToPost.createProjectUsingPOJO" name="createProjectUsingPOJO" time="13.171"/>
  <system-out/>
</testsuite> <!-- DifferentWaysToPost.createProjectUsingPOJO -->
