<?xml version="1.0" encoding="UTF-8"?>
<!-- Generated by org.testng.reporters.JUnitReportReporter -->
<testsuite hostname="DESKTOP-DSUGBTM" failures="0" tests="1" name="DifferentWaysToPost.CreateProjectUsingJSONOFile" time="17.626" errors="0" timestamp="2022-09-24T12:39:43 IST" skipped="0">
  <testcase classname="DifferentWaysToPost.CreateProjectUsingJSONOFile" name="createproject" time="17.626"/>
  <system-out/>
</testsuite> <!-- DifferentWaysToPost.CreateProjectUsingJSONOFile -->
