<?xml version="1.0" encoding="UTF-8"?>
<!-- Generated by org.testng.reporters.JUnitReportReporter -->
<testsuite hostname="DESKTOP-DSUGBTM" failures="0" tests="1" name="basicCRUDoperations.GetAllprojectsTest" time="5.831" errors="0" timestamp="2022-09-24T12:57:51 IST" skipped="0">
  <testcase classname="basicCRUDoperations.GetAllprojectsTest" name="getAllProject" time="5.831"/>
  <system-out/>
</testsuite> <!-- basicCRUDoperations.GetAllprojectsTest -->
