<?xml version="1.0" encoding="UTF-8"?>
<!-- Generated by org.testng.reporters.JUnitReportReporter -->
<testsuite hostname="DESKTOP-DSUGBTM" failures="0" tests="1" name="bdd.CRUDOperations.CreateProjectTest" time="13.145" errors="0" timestamp="2022-09-24T11:47:24 IST" skipped="0">
  <testcase classname="bdd.CRUDOperations.CreateProjectTest" name="createproject" time="13.145"/>
  <system-out/>
</testsuite> <!-- bdd.CRUDOperations.CreateProjectTest -->
