<?xml version="1.0" encoding="UTF-8"?>
<!-- Generated by org.testng.reporters.JUnitReportReporter -->
<testsuite hostname="DESKTOP-DSUGBTM" failures="0" tests="1" name="DifferentWaysToPost.createProjectusingHashMap" time="9.843" errors="0" timestamp="2022-09-24T12:45:47 IST" skipped="0">
  <testcase classname="DifferentWaysToPost.createProjectusingHashMap" name="createProjectusingHashMap" time="9.843"/>
  <system-out/>
</testsuite> <!-- DifferentWaysToPost.createProjectusingHashMap -->
