<?xml version="1.0" encoding="UTF-8"?>
<!-- Generated by org.testng.reporters.JUnitReportReporter -->
<testsuite hostname="DESKTOP-DSUGBTM" failures="0" tests="1" name="basicCRUDoperations.UpdateProjectTest" time="11.596" errors="0" timestamp="2022-09-23T15:24:42 IST" skipped="0">
  <testcase classname="basicCRUDoperations.UpdateProjectTest" name="updateProject" time="11.596"/>
  <system-out/>
</testsuite> <!-- basicCRUDoperations.UpdateProjectTest -->
