<?xml version="1.0" encoding="UTF-8"?>
<!-- Generated by org.testng.reporters.JUnitReportReporter -->
<testsuite hostname="DESKTOP-DSUGBTM" failures="0" tests="1" name="RequestChaining.CreataUpdateGetAndDeleteTheProject" time="90.362" errors="0" timestamp="2022-09-28T14:50:41 IST" skipped="0">
  <testcase classname="RequestChaining.CreataUpdateGetAndDeleteTheProject" name="createUpdateGetDeleteTheProject" time="90.362"/>
  <system-out/>
</testsuite> <!-- RequestChaining.CreataUpdateGetAndDeleteTheProject -->
